<?xml version="1.0" encoding="UTF-8"?>
<!-- Generated by org.testng.reporters.JUnitReportReporter -->
<testsuite hostname="Mike" failures="0" tests="1" name="com.ActionClass.Demo" time="4.875" errors="0" timestamp="2023-08-30T21:11:52 EDT" skipped="0">
  <testcase classname="com.ActionClass.Demo" name="fewMouseOperations" time="4.875"/>
</testsuite> <!-- com.ActionClass.Demo -->
