<?xml version="1.0" encoding="UTF-8"?>
<!-- Generated by org.testng.reporters.JUnitReportReporter -->
<testsuite hostname="Mike" failures="0" tests="12" name="com.automationcode.day2.Boop1" time="65.039" errors="0" timestamp="2023-08-29T16:15:26 EDT" skipped="0">
  <testcase classname="com.automationcode.day2.Boop1" name="loginTNTEST" time="5.386"/>
  <testcase classname="com.automationcode.day2.Boop1" name="loginTNTEST" time="5.372"/>
  <testcase classname="com.automationcode.day2.Boop1" name="loginTNTEST" time="5.664"/>
  <testcase classname="com.automationcode.day2.Boop1" name="loginTNTEST" time="5.248"/>
  <testcase classname="com.automationcode.day2.Boop1" name="loginTNTEST" time="5.224"/>
  <testcase classname="com.automationcode.day2.Boop1" name="loginTNTEST" time="6.197"/>
  <testcase classname="com.automationcode.day2.Boop1" name="loginTNTEST" time="5.266"/>
  <testcase classname="com.automationcode.day2.Boop1" name="loginREDIFFTEST" time="8.461"/>
  <testcase classname="com.automationcode.day2.Boop1" name="loginREDIFFTEST" time="5.351"/>
  <testcase classname="com.automationcode.day2.Boop1" name="loginREDIFFTEST" time="5.163"/>
  <testcase classname="com.automationcode.day2.Boop1" name="loginREDIFFTEST" time="3.887"/>
  <testcase classname="com.automationcode.day2.Boop1" name="loginREDIFFTEST" time="3.820"/>
</testsuite> <!-- com.automationcode.day2.Boop1 -->
