<?xml version="1.0" encoding="UTF-8"?>
<!-- Generated by org.testng.reporters.JUnitReportReporter -->
<testsuite hostname="Mike" failures="0" tests="1" name="com.DatePicker.Example1" time="2.680" errors="0" timestamp="2023-08-30T22:30:44 EDT" skipped="0">
  <testcase classname="com.DatePicker.Example1" name="VerifyHardCodedDateSelection" time="2.680"/>
</testsuite> <!-- com.DatePicker.Example1 -->
