<?xml version="1.0" encoding="UTF-8"?>
<!-- Generated by org.testng.reporters.JUnitReportReporter -->
<testsuite hostname="Mike" failures="0" tests="1" name="com.automation_22_Aug_2023DataDrivenTesting.TnLoginTestUsingPropertiesFile" time="8.938" errors="0" timestamp="2023-08-27T16:43:54 EDT" skipped="0">
  <testcase classname="com.automation_22_Aug_2023DataDrivenTesting.TnLoginTestUsingPropertiesFile" name="loginTest" time="8.938"/>
</testsuite> <!-- com.automation_22_Aug_2023DataDrivenTesting.TnLoginTestUsingPropertiesFile -->
