<?xml version="1.0" encoding="UTF-8"?>
<!-- Generated by org.testng.reporters.JUnitReportReporter -->
<testsuite hostname="Mike" failures="0" tests="7" name="com.automation_22_Aug_2023DataDrivenTesting.TN_Login_Excel_Test" time="49.053" errors="0" timestamp="2023-08-29T16:03:55 EDT" skipped="0">
  <testcase classname="com.automation_22_Aug_2023DataDrivenTesting.TN_Login_Excel_Test" name="loginTNTEST" time="6.918"/>
  <testcase classname="com.automation_22_Aug_2023DataDrivenTesting.TN_Login_Excel_Test" name="loginTNTEST" time="6.836"/>
  <testcase classname="com.automation_22_Aug_2023DataDrivenTesting.TN_Login_Excel_Test" name="loginTNTEST" time="7.671"/>
  <testcase classname="com.automation_22_Aug_2023DataDrivenTesting.TN_Login_Excel_Test" name="loginTNTEST" time="7.104"/>
  <testcase classname="com.automation_22_Aug_2023DataDrivenTesting.TN_Login_Excel_Test" name="loginTNTEST" time="6.878"/>
  <testcase classname="com.automation_22_Aug_2023DataDrivenTesting.TN_Login_Excel_Test" name="loginTNTEST" time="6.858"/>
  <testcase classname="com.automation_22_Aug_2023DataDrivenTesting.TN_Login_Excel_Test" name="loginTNTEST" time="6.788"/>
</testsuite> <!-- com.automation_22_Aug_2023DataDrivenTesting.TN_Login_Excel_Test -->
