<?xml version="1.0" encoding="UTF-8"?>
<!-- Generated by org.testng.reporters.JUnitReportReporter -->
<testsuite hostname="Mike" failures="0" tests="5" name="com.automation.TextNG.Day4.loginTN" time="27.846" errors="0" timestamp="2023-08-09T18:57:51 EDT" skipped="0">
  <testcase classname="com.automation.TextNG.Day4.loginTN" name="loginTNTest" time="5.566"/>
  <testcase classname="com.automation.TextNG.Day4.loginTN" name="loginTNTest" time="5.122"/>
  <testcase classname="com.automation.TextNG.Day4.loginTN" name="loginTNTest" time="5.311"/>
  <testcase classname="com.automation.TextNG.Day4.loginTN" name="loginTNTest" time="5.346"/>
  <testcase classname="com.automation.TextNG.Day4.loginTN" name="loginTNTest" time="6.501"/>
</testsuite> <!-- com.automation.TextNG.Day4.loginTN -->
