<?xml version="1.0" encoding="UTF-8"?>
<!-- Generated by org.testng.reporters.JUnitReportReporter -->
<testsuite hostname="Mike" failures="0" tests="5" name="com.automation.TestNG.Day4.DP_Practice" time="23.678" errors="0" timestamp="2023-08-14T14:24:13 EDT" skipped="0">
  <testcase classname="com.automation.TestNG.Day4.DP_Practice" name="TC1" time="4.559"/>
  <testcase classname="com.automation.TestNG.Day4.DP_Practice" name="TC1" time="5.361"/>
  <testcase classname="com.automation.TestNG.Day4.DP_Practice" name="TC1" time="4.607"/>
  <testcase classname="com.automation.TestNG.Day4.DP_Practice" name="TC1" time="4.556"/>
  <testcase classname="com.automation.TestNG.Day4.DP_Practice" name="TC1" time="4.595"/>
</testsuite> <!-- com.automation.TestNG.Day4.DP_Practice -->
