<?xml version="1.0" encoding="UTF-8"?>
<!-- Generated by org.testng.reporters.JUnitReportReporter -->
<testsuite hostname="Mike" failures="0" tests="1" name="com.automation.TestNG.day5.TNParameterization" time="5.860" errors="0" timestamp="2023-08-16T22:38:39 EDT" skipped="0">
  <testcase classname="com.automation.TestNG.day5.TNParameterization" name="tnTest" time="5.860"/>
</testsuite> <!-- com.automation.TestNG.day5.TNParameterization -->
