<?xml version="1.0" encoding="UTF-8"?>
<!-- Generated by org.testng.reporters.JUnitReportReporter -->
<testsuite hostname="Mike" failures="0" tests="1" name="com.automation.day8.Alerts_PopUps" time="12.347" errors="0" timestamp="2023-08-15T22:14:55 EDT" skipped="0">
  <testcase classname="com.automation.day8.Alerts_PopUps" name="rediffAlert" time="12.347"/>
</testsuite> <!-- com.automation.day8.Alerts_PopUps -->
