<?xml version="1.0" encoding="UTF-8"?>
<!-- Generated by org.testng.reporters.JUnitReportReporter -->
<testsuite hostname="Mike" failures="0" tests="1" name="com.automation_22_Aug_2023DataDrivenTesting.Rediff_PropertiesFile" time="11.481" errors="0" timestamp="2023-08-27T16:52:24 EDT" skipped="0">
  <testcase classname="com.automation_22_Aug_2023DataDrivenTesting.Rediff_PropertiesFile" name="loginTest" time="11.481"/>
</testsuite> <!-- com.automation_22_Aug_2023DataDrivenTesting.Rediff_PropertiesFile -->
