<?xml version="1.0" encoding="UTF-8"?>
<!-- Generated by org.testng.reporters.JUnitReportReporter -->
<testsuite hostname="Mike" failures="0" tests="4" name="com.automation.TextNG.Day4.Two_DP_2TC" time="31.326" errors="0" timestamp="2023-08-09T19:38:11 EDT" skipped="0">
  <testcase classname="com.automation.TextNG.Day4.Two_DP_2TC" name="loginTNTest" time="5.721"/>
  <testcase classname="com.automation.TextNG.Day4.Two_DP_2TC" name="loginTNTest" time="4.987"/>
  <testcase classname="com.automation.TextNG.Day4.Two_DP_2TC" name="loginRediffTest" time="10.202"/>
  <testcase classname="com.automation.TextNG.Day4.Two_DP_2TC" name="loginRediffTest" time="10.416"/>
</testsuite> <!-- com.automation.TextNG.Day4.Two_DP_2TC -->
