<?xml version="1.0" encoding="UTF-8"?>
<!-- Generated by org.testng.reporters.JUnitReportReporter -->
<testsuite hostname="Mike" failures="0" tests="6" name="com.automation.TestNG.Day4.TestNG_AssertTN" time="31.966" errors="0" timestamp="2023-08-17T15:44:14 EDT" skipped="0">
  <testcase classname="com.automation.TestNG.Day4.TestNG_AssertTN" name="passwordWarning" time="5.213"/>
  <testcase classname="com.automation.TestNG.Day4.TestNG_AssertTN" name="Warningpolicy" time="5.120"/>
  <testcase classname="com.automation.TestNG.Day4.TestNG_AssertTN" name="FirstName" time="5.391"/>
  <testcase classname="com.automation.TestNG.Day4.TestNG_AssertTN" name="LastName" time="5.907"/>
  <testcase classname="com.automation.TestNG.Day4.TestNG_AssertTN" name="TelephoneWarning" time="5.115"/>
  <testcase classname="com.automation.TestNG.Day4.TestNG_AssertTN" name="emailWarning" time="5.220"/>
</testsuite> <!-- com.automation.TestNG.Day4.TestNG_AssertTN -->
