<?xml version="1.0" encoding="UTF-8"?>
<!-- Generated by org.testng.reporters.JUnitReportReporter -->
<testsuite hostname="Mike" failures="0" tests="1" name="com.automation.ChromeOptions.Demo_ChromeOptions" time="3.775" errors="0" timestamp="2023-08-30T18:36:14 EDT" skipped="0">
  <testcase classname="com.automation.ChromeOptions.Demo_ChromeOptions" name="demoTest" time="3.775"/>
</testsuite> <!-- com.automation.ChromeOptions.Demo_ChromeOptions -->
