<?xml version="1.0" encoding="UTF-8"?>
<!-- Generated by org.testng.reporters.JUnitReportReporter -->
<testsuite hostname="Mike" failures="0" tests="1" name="com.Framework.AddToCartTest" time="8.078" errors="0" timestamp="2023-12-09T18:34:50 EST" skipped="0">
  <testcase classname="com.Framework.AddToCartTest" name="productInCartVerifcation" time="8.078"/>
</testsuite> <!-- com.Framework.AddToCartTest -->
