<?xml version="1.0" encoding="UTF-8"?>
<!-- Generated by org.testng.reporters.JUnitReportReporter -->
<testsuite hostname="Mike" failures="0" tests="1" name="com.Framework.LogInTest" time="7.331" errors="0" timestamp="2023-12-09T18:34:50 EST" skipped="0">
  <testcase classname="com.Framework.LogInTest" name="LogInWithValidCredentials" time="7.331"/>
</testsuite> <!-- com.Framework.LogInTest -->
