<?xml version="1.0" encoding="UTF-8"?>
<!-- Generated by org.testng.reporters.JUnitReportReporter -->
<testsuite hostname="Mike" failures="0" tests="1" name="com.Framework.SearchTest" time="6.661" errors="0" timestamp="2023-12-09T18:34:50 EST" skipped="0">
  <testcase classname="com.Framework.SearchTest" name="searchAndVerify" time="6.661"/>
</testsuite> <!-- com.Framework.SearchTest -->
