<?xml version="1.0" encoding="UTF-8"?>
<!-- Generated by org.testng.reporters.JUnitReportReporter -->
<testsuite hostname="Mike" failures="0" tests="1" name="com.Level1Framework.AddToCartTest" time="8.598" errors="0" timestamp="2023-11-23T09:04:36 EST" skipped="0">
  <testcase classname="com.Level1Framework.AddToCartTest" name="productInCartVerifcation" time="8.598"/>
</testsuite> <!-- com.Level1Framework.AddToCartTest -->
