<?xml version="1.0" encoding="UTF-8"?>
<!-- Generated by org.testng.reporters.JUnitReportReporter -->
<testsuite hostname="Mike" failures="0" tests="1" name="com.Level1Framework.LogInTest" time="7.260" errors="0" timestamp="2023-11-23T09:02:29 EST" skipped="0">
  <testcase classname="com.Level1Framework.LogInTest" name="LogInWithValidCredentials" time="7.260"/>
</testsuite> <!-- com.Level1Framework.LogInTest -->
