<?xml version="1.0" encoding="UTF-8"?>
<!-- Generated by org.testng.reporters.JUnitReportReporter -->
<testsuite hostname="Mike" failures="0" tests="1" name="com.Level1Framework.SearchTest" time="6.648" errors="0" timestamp="2023-11-23T09:02:29 EST" skipped="0">
  <testcase classname="com.Level1Framework.SearchTest" name="searchAndVerify" time="6.648"/>
</testsuite> <!-- com.Level1Framework.SearchTest -->
