<?xml version="1.0" encoding="UTF-8"?>
<!-- Generated by org.testng.reporters.JUnitReportReporter -->
<testsuite hostname="Mike" failures="0" tests="1" name="com.Level1Framework.SearchTest" time="7.519" errors="0" timestamp="2023-12-08T18:22:20 EST" skipped="0">
  <testcase classname="com.Level1Framework.SearchTest" name="searchAndVerify" time="7.519"/>
</testsuite> <!-- com.Level1Framework.SearchTest -->
