<?xml version="1.0" encoding="UTF-8"?>
<!-- Generated by org.testng.reporters.JUnitReportReporter -->
<testsuite hostname="Mike" failures="0" tests="3" name="com.Level3Framework3.ThreeSeleniumQuestions" time="15.399" errors="0" timestamp="2023-11-29T17:10:48 EST" skipped="0">
  <testcase classname="com.Level3Framework3.ThreeSeleniumQuestions" name="navigateToWebsiteVerifyTitle" time="4.007"/>
  <testcase classname="com.Level3Framework3.ThreeSeleniumQuestions" name="loginWithValidCredentialsAndVerify" time="5.964"/>
  <testcase classname="com.Level3Framework3.ThreeSeleniumQuestions" name="navigateToWebSiteNavigateToDiffrentPageAndVerify" time="5.428"/>
</testsuite> <!-- com.Level3Framework3.ThreeSeleniumQuestions -->
