<?xml version="1.0" encoding="UTF-8"?>
<!-- Generated by org.testng.reporters.JUnitReportReporter -->
<testsuite hostname="Mike" failures="0" tests="1" name="com.Level1Framework.PomLogInTest" time="4.997" errors="0" timestamp="2023-11-14T14:43:17 EST" skipped="0">
  <testcase classname="com.Level1Framework.PomLogInTest" name="logIN" time="4.997"/>
</testsuite> <!-- com.Level1Framework.PomLogInTest -->
