<?xml version="1.0" encoding="UTF-8"?>
<!-- Generated by org.testng.reporters.JUnitReportReporter -->
<testsuite hostname="Mike" failures="0" tests="1" name="com.Level2Framework2.HomePageTest" time="4.918" errors="0" timestamp="2023-11-28T17:53:07 EST" skipped="0">
  <testcase classname="com.Level2Framework2.HomePageTest" name="homePageTest" time="4.918"/>
</testsuite> <!-- com.Level2Framework2.HomePageTest -->
