<?xml version="1.0" encoding="UTF-8"?>
<!-- Generated by org.testng.reporters.JUnitReportReporter -->
<testsuite hostname="Mike" failures="0" tests="1" name="com.Level1Framework.LogInTest" time="8.144" errors="0" timestamp="2023-12-06T15:00:20 EST" skipped="0">
  <testcase classname="com.Level1Framework.LogInTest" name="LogInWithValidCredentials" time="8.144"/>
</testsuite> <!-- com.Level1Framework.LogInTest -->
